  oscil_doya_wrapper.cpp
  Evaluate_CE.cpp
  Performance_Func.cpp
  LoopAll.cpp
  RK4.cpp
  otherfunc.cpp
  RandomWELL.cpp
  mat33.cpp
  matNN.cpp
  quat.cpp
  vec2.cpp
  vec3.cpp
  vecN.cpp
  oscfunc.cpp
  oscil_Alpha_RK.cpp
  oscil_Forward_Step.cpp
  oscil_learning.cpp
  oscil_random_net.cpp
  oscillator.cpp
  oscil_CE_Robots.cpp
  access_network.cpp
  access_network_Core.cpp
  neurouse.cpp
  access_GL.cpp
  oglwnd.cpp
  glweight.cpp
  plot2d.cpp
  plot2dmap.cpp
  plot3d.cpp
  plot_common.cpp
  camera.cpp
  DXGraphics.cpp
  fonts.cpp
  input.cpp
  light.cpp
  meshes.cpp
  Move.cpp
  WorldMatrix.cpp
  dxwnd.cpp
  dxwndtext.cpp
  Robj.cpp
  ReadSIM.cpp
  construct.cpp
  joint_motors.cpp
  joint_motors_servo.cpp
  rigidMeasure.cpp
  rigidode.cpp
  rnode.cpp
  construct_CE_Robot_Common.cpp
  constructHex.cpp
  constructQuad.cpp
  constructQuad2.cpp
  constructQuad3.cpp
  constructStar.cpp
  constructTri.cpp
  oglgraph.cpp
  OscRobo_UI.cpp
  AddRobotsHere.cpp
  Resets.cpp
  uis.cpp
  DisplayText_OSC.cpp
  GenoDisplay.cpp
  KeyHookView.cpp
  LoopView.cpp
  Status.cpp
  WinMain.cpp
  NeNSlim.vcxproj -> C:\Users\dexte\github\Chaos-Robotics\Simulation\C++\NeNSlim\Viewer\NeNSlim_Debug.exe
