c:\users\dexte\github\chaos-robotics\simulation\c++\nenslim\viewer\debug\oscil_ce_robots.sbr
c:\users\dexte\github\chaos-robotics\simulation\c++\nenslim\viewer\debug\oscil_ce_robots.obj
c:\users\dexte\github\chaos-robotics\simulation\c++\nenslim\viewer\debug\robj.sbr
c:\users\dexte\github\chaos-robotics\simulation\c++\nenslim\viewer\debug\robj.obj
c:\users\dexte\github\chaos-robotics\simulation\c++\nenslim\viewer\debug\oscil_forward_step.sbr
c:\users\dexte\github\chaos-robotics\simulation\c++\nenslim\viewer\debug\oscil_forward_step.obj
c:\users\dexte\github\chaos-robotics\simulation\c++\nenslim\viewer\debug\meshes.sbr
c:\users\dexte\github\chaos-robotics\simulation\c++\nenslim\viewer\debug\meshes.obj
c:\users\dexte\github\chaos-robotics\simulation\c++\nenslim\viewer\debug\oscil_alpha_rk.sbr
c:\users\dexte\github\chaos-robotics\simulation\c++\nenslim\viewer\debug\oscil_alpha_rk.obj
c:\users\dexte\github\chaos-robotics\simulation\c++\nenslim\viewer\debug\light.sbr
c:\users\dexte\github\chaos-robotics\simulation\c++\nenslim\viewer\debug\light.obj
c:\users\dexte\github\chaos-robotics\simulation\c++\nenslim\viewer\debug\oglgraph.sbr
c:\users\dexte\github\chaos-robotics\simulation\c++\nenslim\viewer\debug\oglgraph.obj
c:\users\dexte\github\chaos-robotics\simulation\c++\nenslim\viewer\debug\quat.sbr
c:\users\dexte\github\chaos-robotics\simulation\c++\nenslim\viewer\debug\quat.obj
c:\users\dexte\github\chaos-robotics\simulation\c++\nenslim\viewer\debug\neurouse.sbr
c:\users\dexte\github\chaos-robotics\simulation\c++\nenslim\viewer\debug\neurouse.obj
c:\users\dexte\github\chaos-robotics\simulation\c++\nenslim\viewer\debug\readsim.sbr
c:\users\dexte\github\chaos-robotics\simulation\c++\nenslim\viewer\debug\readsim.obj
c:\users\dexte\github\chaos-robotics\simulation\c++\nenslim\viewer\debug\status.sbr
c:\users\dexte\github\chaos-robotics\simulation\c++\nenslim\viewer\debug\status.obj
c:\users\dexte\github\chaos-robotics\simulation\c++\nenslim\viewer\debug\oscil_doya_wrapper.sbr
c:\users\dexte\github\chaos-robotics\simulation\c++\nenslim\viewer\debug\oscil_doya_wrapper.obj
c:\users\dexte\github\chaos-robotics\simulation\c++\nenslim\viewer\debug\evaluate_ce.sbr
c:\users\dexte\github\chaos-robotics\simulation\c++\nenslim\viewer\debug\evaluate_ce.obj
c:\users\dexte\github\chaos-robotics\simulation\c++\nenslim\viewer\debug\plot_common.sbr
c:\users\dexte\github\chaos-robotics\simulation\c++\nenslim\viewer\debug\plot_common.obj
c:\users\dexte\github\chaos-robotics\simulation\c++\nenslim\viewer\debug\constructquad2.sbr
c:\users\dexte\github\chaos-robotics\simulation\c++\nenslim\viewer\debug\constructquad2.obj
c:\users\dexte\github\chaos-robotics\simulation\c++\nenslim\viewer\debug\oscil_random_net.sbr
c:\users\dexte\github\chaos-robotics\simulation\c++\nenslim\viewer\debug\oscil_random_net.obj
c:\users\dexte\github\chaos-robotics\simulation\c++\nenslim\viewer\debug\move.sbr
c:\users\dexte\github\chaos-robotics\simulation\c++\nenslim\viewer\debug\move.obj
c:\users\dexte\github\chaos-robotics\simulation\c++\nenslim\viewer\debug\access_network.sbr
c:\users\dexte\github\chaos-robotics\simulation\c++\nenslim\viewer\debug\access_network.obj
c:\users\dexte\github\chaos-robotics\simulation\c++\nenslim\viewer\debug\dxwndtext.sbr
c:\users\dexte\github\chaos-robotics\simulation\c++\nenslim\viewer\debug\dxwndtext.obj
c:\users\dexte\github\chaos-robotics\simulation\c++\nenslim\viewer\debug\resets.sbr
c:\users\dexte\github\chaos-robotics\simulation\c++\nenslim\viewer\debug\resets.obj
c:\users\dexte\github\chaos-robotics\simulation\c++\nenslim\viewer\debug\otherfunc.sbr
c:\users\dexte\github\chaos-robotics\simulation\c++\nenslim\viewer\debug\otherfunc.obj
c:\users\dexte\github\chaos-robotics\simulation\c++\nenslim\viewer\debug\access_network_core.sbr
c:\users\dexte\github\chaos-robotics\simulation\c++\nenslim\viewer\debug\access_network_core.obj
c:\users\dexte\github\chaos-robotics\simulation\c++\nenslim\viewer\debug\joint_motors_servo.sbr
c:\users\dexte\github\chaos-robotics\simulation\c++\nenslim\viewer\debug\joint_motors_servo.obj
c:\users\dexte\github\chaos-robotics\simulation\c++\nenslim\viewer\debug\oscrobo_ui.sbr
c:\users\dexte\github\chaos-robotics\simulation\c++\nenslim\viewer\debug\oscrobo_ui.obj
c:\users\dexte\github\chaos-robotics\simulation\c++\nenslim\viewer\debug\oscfunc.sbr
c:\users\dexte\github\chaos-robotics\simulation\c++\nenslim\viewer\debug\oscfunc.obj
c:\users\dexte\github\chaos-robotics\simulation\c++\nenslim\viewer\debug\camera.sbr
c:\users\dexte\github\chaos-robotics\simulation\c++\nenslim\viewer\debug\camera.obj
c:\users\dexte\github\chaos-robotics\simulation\c++\nenslim\viewer\debug\input.sbr
c:\users\dexte\github\chaos-robotics\simulation\c++\nenslim\viewer\debug\input.obj
c:\users\dexte\github\chaos-robotics\simulation\c++\nenslim\viewer\debug\constructhex.sbr
c:\users\dexte\github\chaos-robotics\simulation\c++\nenslim\viewer\debug\constructhex.obj
c:\users\dexte\github\chaos-robotics\simulation\c++\nenslim\viewer\debug\winmain.sbr
c:\users\dexte\github\chaos-robotics\simulation\c++\nenslim\viewer\debug\winmain.obj
c:\users\dexte\github\chaos-robotics\simulation\c++\nenslim\viewer\debug\vecn.sbr
c:\users\dexte\github\chaos-robotics\simulation\c++\nenslim\viewer\debug\vecn.obj
c:\users\dexte\github\chaos-robotics\simulation\c++\nenslim\viewer\debug\plot3d.sbr
c:\users\dexte\github\chaos-robotics\simulation\c++\nenslim\viewer\debug\plot3d.obj
c:\users\dexte\github\chaos-robotics\simulation\c++\nenslim\viewer\debug\constructquad.sbr
c:\users\dexte\github\chaos-robotics\simulation\c++\nenslim\viewer\debug\constructquad.obj
c:\users\dexte\github\chaos-robotics\simulation\c++\nenslim\viewer\debug\randomwell.sbr
c:\users\dexte\github\chaos-robotics\simulation\c++\nenslim\viewer\debug\randomwell.obj
c:\users\dexte\github\chaos-robotics\simulation\c++\nenslim\viewer\debug\construct.sbr
c:\users\dexte\github\chaos-robotics\simulation\c++\nenslim\viewer\debug\construct.obj
c:\users\dexte\github\chaos-robotics\simulation\c++\nenslim\viewer\debug\rnode.sbr
c:\users\dexte\github\chaos-robotics\simulation\c++\nenslim\viewer\debug\rnode.obj
c:\users\dexte\github\chaos-robotics\simulation\c++\nenslim\viewer\debug\genodisplay.sbr
c:\users\dexte\github\chaos-robotics\simulation\c++\nenslim\viewer\debug\genodisplay.obj
c:\users\dexte\github\chaos-robotics\simulation\c++\nenslim\viewer\debug\loopall.sbr
c:\users\dexte\github\chaos-robotics\simulation\c++\nenslim\viewer\debug\loopall.obj
c:\users\dexte\github\chaos-robotics\simulation\c++\nenslim\viewer\debug\fonts.sbr
c:\users\dexte\github\chaos-robotics\simulation\c++\nenslim\viewer\debug\fonts.obj
c:\users\dexte\github\chaos-robotics\simulation\c++\nenslim\viewer\debug\displaytext_osc.sbr
c:\users\dexte\github\chaos-robotics\simulation\c++\nenslim\viewer\debug\displaytext_osc.obj
c:\users\dexte\github\chaos-robotics\simulation\c++\nenslim\viewer\debug\matnn.sbr
c:\users\dexte\github\chaos-robotics\simulation\c++\nenslim\viewer\debug\matnn.obj
c:\users\dexte\github\chaos-robotics\simulation\c++\nenslim\viewer\debug\oglwnd.sbr
c:\users\dexte\github\chaos-robotics\simulation\c++\nenslim\viewer\debug\oglwnd.obj
c:\users\dexte\github\chaos-robotics\simulation\c++\nenslim\viewer\debug\joint_motors.sbr
c:\users\dexte\github\chaos-robotics\simulation\c++\nenslim\viewer\debug\joint_motors.obj
c:\users\dexte\github\chaos-robotics\simulation\c++\nenslim\viewer\debug\constructtri.sbr
c:\users\dexte\github\chaos-robotics\simulation\c++\nenslim\viewer\debug\constructtri.obj
c:\users\dexte\github\chaos-robotics\simulation\c++\nenslim\viewer\debug\performance_func.sbr
c:\users\dexte\github\chaos-robotics\simulation\c++\nenslim\viewer\debug\performance_func.obj
c:\users\dexte\github\chaos-robotics\simulation\c++\nenslim\viewer\debug\dxgraphics.sbr
c:\users\dexte\github\chaos-robotics\simulation\c++\nenslim\viewer\debug\dxgraphics.obj
c:\users\dexte\github\chaos-robotics\simulation\c++\nenslim\viewer\debug\loopview.sbr
c:\users\dexte\github\chaos-robotics\simulation\c++\nenslim\viewer\debug\loopview.obj
c:\users\dexte\github\chaos-robotics\simulation\c++\nenslim\viewer\debug\oscil_learning.sbr
c:\users\dexte\github\chaos-robotics\simulation\c++\nenslim\viewer\debug\oscil_learning.obj
c:\users\dexte\github\chaos-robotics\simulation\c++\nenslim\viewer\debug\worldmatrix.sbr
c:\users\dexte\github\chaos-robotics\simulation\c++\nenslim\viewer\debug\worldmatrix.obj
c:\users\dexte\github\chaos-robotics\simulation\c++\nenslim\viewer\debug\constructstar.sbr
c:\users\dexte\github\chaos-robotics\simulation\c++\nenslim\viewer\debug\constructstar.obj
c:\users\dexte\github\chaos-robotics\simulation\c++\nenslim\viewer\debug\oscillator.sbr
c:\users\dexte\github\chaos-robotics\simulation\c++\nenslim\viewer\debug\oscillator.obj
c:\users\dexte\github\chaos-robotics\simulation\c++\nenslim\viewer\debug\dxwnd.sbr
c:\users\dexte\github\chaos-robotics\simulation\c++\nenslim\viewer\debug\dxwnd.obj
c:\users\dexte\github\chaos-robotics\simulation\c++\nenslim\viewer\debug\vec3.sbr
c:\users\dexte\github\chaos-robotics\simulation\c++\nenslim\viewer\debug\vec3.obj
c:\users\dexte\github\chaos-robotics\simulation\c++\nenslim\viewer\debug\access_gl.sbr
c:\users\dexte\github\chaos-robotics\simulation\c++\nenslim\viewer\debug\access_gl.obj
c:\users\dexte\github\chaos-robotics\simulation\c++\nenslim\viewer\debug\construct_ce_robot_common.sbr
c:\users\dexte\github\chaos-robotics\simulation\c++\nenslim\viewer\debug\construct_ce_robot_common.obj
c:\users\dexte\github\chaos-robotics\simulation\c++\nenslim\viewer\debug\keyhookview.sbr
c:\users\dexte\github\chaos-robotics\simulation\c++\nenslim\viewer\debug\keyhookview.obj
c:\users\dexte\github\chaos-robotics\simulation\c++\nenslim\viewer\debug\mat33.sbr
c:\users\dexte\github\chaos-robotics\simulation\c++\nenslim\viewer\debug\mat33.obj
c:\users\dexte\github\chaos-robotics\simulation\c++\nenslim\viewer\debug\plot2d.sbr
c:\users\dexte\github\chaos-robotics\simulation\c++\nenslim\viewer\debug\plot2d.obj
c:\users\dexte\github\chaos-robotics\simulation\c++\nenslim\viewer\debug\rigidmeasure.sbr
c:\users\dexte\github\chaos-robotics\simulation\c++\nenslim\viewer\debug\rigidmeasure.obj
c:\users\dexte\github\chaos-robotics\simulation\c++\nenslim\viewer\debug\addrobotshere.sbr
c:\users\dexte\github\chaos-robotics\simulation\c++\nenslim\viewer\debug\addrobotshere.obj
c:\users\dexte\github\chaos-robotics\simulation\c++\nenslim\viewer\debug\vec2.sbr
c:\users\dexte\github\chaos-robotics\simulation\c++\nenslim\viewer\debug\vec2.obj
c:\users\dexte\github\chaos-robotics\simulation\c++\nenslim\viewer\debug\glweight.sbr
c:\users\dexte\github\chaos-robotics\simulation\c++\nenslim\viewer\debug\glweight.obj
c:\users\dexte\github\chaos-robotics\simulation\c++\nenslim\viewer\debug\rigidode.sbr
c:\users\dexte\github\chaos-robotics\simulation\c++\nenslim\viewer\debug\rigidode.obj
c:\users\dexte\github\chaos-robotics\simulation\c++\nenslim\viewer\debug\uis.sbr
c:\users\dexte\github\chaos-robotics\simulation\c++\nenslim\viewer\debug\uis.obj
c:\users\dexte\github\chaos-robotics\simulation\c++\nenslim\viewer\debug\rk4.sbr
c:\users\dexte\github\chaos-robotics\simulation\c++\nenslim\viewer\debug\rk4.obj
c:\users\dexte\github\chaos-robotics\simulation\c++\nenslim\viewer\debug\plot2dmap.sbr
c:\users\dexte\github\chaos-robotics\simulation\c++\nenslim\viewer\debug\plot2dmap.obj
c:\users\dexte\github\chaos-robotics\simulation\c++\nenslim\viewer\debug\constructquad3.sbr
c:\users\dexte\github\chaos-robotics\simulation\c++\nenslim\viewer\debug\constructquad3.obj
c:\users\dexte\github\chaos-robotics\simulation\c++\nenslim\viewer\debug\vc143.pdb
c:\users\dexte\github\chaos-robotics\simulation\c++\nenslim\viewer\debug\nenslim.tlog\cl.12216.write.1.tlog
c:\users\dexte\github\chaos-robotics\simulation\c++\nenslim\viewer\debug\nenslim.tlog\cl.command.1.tlog
c:\users\dexte\github\chaos-robotics\simulation\c++\nenslim\viewer\debug\nenslim.tlog\cl.read.1.tlog
c:\users\dexte\github\chaos-robotics\simulation\c++\nenslim\viewer\debug\nenslim.tlog\rc.command.1.tlog
c:\users\dexte\github\chaos-robotics\simulation\c++\nenslim\viewer\debug\nenslim.tlog\rc.read.1.tlog
c:\users\dexte\github\chaos-robotics\simulation\c++\nenslim\viewer\debug\nenslim.tlog\rc.write.1.tlog
